<?xml version="1.0" encoding="UTF-8"?>
<testng-results total="4" passed="4" failed="0" skipped="0">
  <reporter-output>
  </reporter-output>
  <suite started-at="2020-06-03T07:23:03Z" name="Test Maven Suite" finished-at="2020-06-03T07:23:03Z" duration-ms="26">
    <groups>
    </groups>
    <test started-at="2020-06-03T07:23:03Z" name="Test Exmaple 1" finished-at="2020-06-03T07:23:03Z" duration-ms="26">
      <class name="com.qa.test.DemoTest">
        <test-method signature="testMultiply()[pri:0, instance:com.qa.test.DemoTest@7ba18f1b]" started-at="2020-06-03T12:53:03Z" name="testMultiply" finished-at="2020-06-03T12:53:03Z" duration-ms="1" status="PASS">
          <reporter-output>
          </reporter-output>
        </test-method> <!-- testMultiply -->
        <test-method signature="testSum()[pri:0, instance:com.qa.test.DemoTest@7ba18f1b]" started-at="2020-06-03T12:53:03Z" name="testSum" finished-at="2020-06-03T12:53:03Z" duration-ms="0" status="PASS">
          <reporter-output>
          </reporter-output>
        </test-method> <!-- testSum -->
      </class> <!-- com.qa.test.DemoTest -->
      <class name="com.qa.test.DemoTest2">
        <test-method signature="testDIv()[pri:0, instance:com.qa.test.DemoTest2@6d3af739]" started-at="2020-06-03T12:53:03Z" name="testDIv" finished-at="2020-06-03T12:53:03Z" duration-ms="9" status="PASS">
          <reporter-output>
          </reporter-output>
        </test-method> <!-- testDIv -->
        <test-method signature="testSub()[pri:0, instance:com.qa.test.DemoTest2@6d3af739]" started-at="2020-06-03T12:53:03Z" name="testSub" finished-at="2020-06-03T12:53:03Z" duration-ms="1" status="PASS">
          <reporter-output>
          </reporter-output>
        </test-method> <!-- testSub -->
      </class> <!-- com.qa.test.DemoTest2 -->
    </test> <!-- Test Exmaple 1 -->
  </suite> <!-- Test Maven Suite -->
</testng-results>
