<?xml version="1.0" encoding="UTF-8"?>
<testng-results total="2" passed="2" failed="0" skipped="0">
  <reporter-output>
  </reporter-output>
  <suite started-at="2020-06-03T06:43:26Z" name="Default suite" finished-at="2020-06-03T06:43:26Z" duration-ms="36">
    <groups>
    </groups>
    <test started-at="2020-06-03T06:43:26Z" name="Default test" finished-at="2020-06-03T06:43:26Z" duration-ms="36">
      <class name="com.qa.test.DemoTest">
        <test-method signature="testMultiply()[pri:0, instance:com.qa.test.DemoTest@7bc1a03d]" started-at="2020-06-03T12:13:26Z" name="testMultiply" finished-at="2020-06-03T12:13:26Z" duration-ms="15" status="PASS">
          <reporter-output>
          </reporter-output>
        </test-method> <!-- testMultiply -->
        <test-method signature="testSum()[pri:0, instance:com.qa.test.DemoTest@7bc1a03d]" started-at="2020-06-03T12:13:26Z" name="testSum" finished-at="2020-06-03T12:13:26Z" duration-ms="2" status="PASS">
          <reporter-output>
          </reporter-output>
        </test-method> <!-- testSum -->
      </class> <!-- com.qa.test.DemoTest -->
    </test> <!-- Default test -->
  </suite> <!-- Default suite -->
</testng-results>
